<?xml version="1.0" encoding="UTF-8"?>
<!-- Generated by org.testng.reporters.JUnitReportReporter -->
<testsuite hostname="Vishal-ASUS" failures="0" tests="3" name="prac03092023.TestCases.OrderHistoryPageTestCases" time="13.895" errors="0" timestamp="2023-09-04T08:58:34 IST" skipped="0">
  <testcase classname="prac03092023.TestCases.OrderHistoryPageTestCases" name="OrderHistoryPriceVerificationAllproducts" time="4.249"/>
  <testcase classname="prac03092023.TestCases.OrderHistoryPageTestCases" name="OrderHistoryPriceVerificationAllproducts" time="4.169"/>
  <testcase classname="prac03092023.TestCases.OrderHistoryPageTestCases" name="OrderHistoryPriceVerificationAllproducts" time="5.477"/>
</testsuite> <!-- prac03092023.TestCases.OrderHistoryPageTestCases -->
