<?xml version="1.0" encoding="UTF-8"?>
<!-- Generated by org.testng.reporters.JUnitReportReporter -->
<testsuite hostname="Vishal-ASUS" failures="0" tests="1" name="prac03092023.Abstract.AbstractClass" time="0.852" errors="0" timestamp="2023-09-03T10:52:04 IST" skipped="0">
  <testcase classname="prac03092023.Abstract.AbstractClass" name="getDataFromDb" time="0.852"/>
</testsuite> <!-- prac03092023.Abstract.AbstractClass -->
