<?xml version="1.0" encoding="UTF-8"?>
<!-- Generated by org.testng.reporters.JUnitReportReporter -->
<testsuite hostname="Vishal-ASUS" failures="0" tests="8" name="prac03092023.TestCases.ProductSelectionPageTestCases" time="104.264" errors="0" timestamp="2023-09-04T08:58:34 IST" skipped="0">
  <testcase classname="prac03092023.TestCases.ProductSelectionPageTestCases" name="buyproductusingdbFullFlow" time="11.615"/>
  <testcase classname="prac03092023.TestCases.ProductSelectionPageTestCases" name="orderHistoryTest" time="4.597"/>
  <testcase classname="prac03092023.TestCases.ProductSelectionPageTestCases" name="buyproductusingJsonFullFlowWithExcelverification" time="22.517"/>
  <testcase classname="prac03092023.TestCases.ProductSelectionPageTestCases" name="orderHistoryTest" time="4.719"/>
  <testcase classname="prac03092023.TestCases.ProductSelectionPageTestCases" name="orderHistoryTest" time="4.562"/>
  <testcase classname="prac03092023.TestCases.ProductSelectionPageTestCases" name="buyproductusingJsonFullFlowWithExcelverification" time="22.177"/>
  <testcase classname="prac03092023.TestCases.ProductSelectionPageTestCases" name="buyproductusingdbFullFlow" time="11.667"/>
  <testcase classname="prac03092023.TestCases.ProductSelectionPageTestCases" name="buyproductusingJsonFullFlowWithExcelverification" time="22.410"/>
</testsuite> <!-- prac03092023.TestCases.ProductSelectionPageTestCases -->
