<?xml version="1.0" encoding="UTF-8"?>
<!-- Generated by org.testng.reporters.JUnitReportReporter -->
<testsuite hostname="Vishal-ASUS" failures="0" tests="4" name="prac03092023.TestCases.LandingPageTestCase" time="16.833" errors="0" timestamp="2023-09-04T10:34:12 IST" skipped="0">
  <testcase classname="prac03092023.TestCases.LandingPageTestCase" name="inCorrectloginvalidation" time="3.502"/>
  <testcase classname="prac03092023.TestCases.LandingPageTestCase" name="inCorrectloginvalidation" time="3.633"/>
  <testcase classname="prac03092023.TestCases.LandingPageTestCase" name="Correctloginvalidation" time="5.110"/>
  <testcase classname="prac03092023.TestCases.LandingPageTestCase" name="Correctloginvalidation" time="4.588"/>
</testsuite> <!-- prac03092023.TestCases.LandingPageTestCase -->
