<?xml version="1.0" encoding="UTF-8"?>
<!-- Generated by org.testng.reporters.JUnitReportReporter -->
<testsuite hostname="Vishal-ASUS" failures="0" tests="3" name="prac03092023.TestCases.OrderHistoryPageTestCases" time="16.897" errors="0" timestamp="2023-09-04T10:52:07 IST" skipped="0">
  <testcase classname="prac03092023.TestCases.OrderHistoryPageTestCases" name="OrderHistoryPriceVerificationAllproducts" time="5.024"/>
  <testcase classname="prac03092023.TestCases.OrderHistoryPageTestCases" name="OrderHistoryPriceVerificationAllproducts" time="4.980"/>
  <testcase classname="prac03092023.TestCases.OrderHistoryPageTestCases" name="OrderHistoryPriceVerificationAllproducts" time="6.893"/>
</testsuite> <!-- prac03092023.TestCases.OrderHistoryPageTestCases -->
