<?xml version="1.0" encoding="UTF-8"?>
<!-- Generated by org.testng.reporters.JUnitReportReporter -->
<testsuite hostname="Vishal-ASUS" failures="0" tests="6" name="prac03092023.TestCases.ProductSelectionPageTestCases" time="83.445" errors="0" timestamp="2023-09-04T10:52:07 IST" skipped="0">
  <testcase classname="prac03092023.TestCases.ProductSelectionPageTestCases" name="buyproductusingJsonFullFlowWithExcelverification" time="23.288"/>
  <testcase classname="prac03092023.TestCases.ProductSelectionPageTestCases" name="orderHistoryTest" time="4.724"/>
  <testcase classname="prac03092023.TestCases.ProductSelectionPageTestCases" name="orderHistoryTest" time="4.608"/>
  <testcase classname="prac03092023.TestCases.ProductSelectionPageTestCases" name="orderHistoryTest" time="4.598"/>
  <testcase classname="prac03092023.TestCases.ProductSelectionPageTestCases" name="buyproductusingJsonFullFlowWithExcelverification" time="22.895"/>
  <testcase classname="prac03092023.TestCases.ProductSelectionPageTestCases" name="buyproductusingJsonFullFlowWithExcelverification" time="23.332"/>
</testsuite> <!-- prac03092023.TestCases.ProductSelectionPageTestCases -->
